{"/home/panospd/source/repos/redux-starter/src/math.js": {"path":"/home/panospd/source/repos/redux-starter/src/math.js","statementMap":{"0":{"start":{"line":1,"column":22},"end":{"line":1,"column":48}},"1":{"start":{"line":1,"column":32},"end":{"line":1,"column":48}}},"fnMap":{"0":{"name":"(anonymous_0)","decl":{"start":{"line":1,"column":22},"end":{"line":1,"column":23}},"loc":{"start":{"line":1,"column":32},"end":{"line":1,"column":48}},"line":1}},"branchMap":{},"s":{"0":1,"1":2},"f":{"0":2},"b":{},"_coverageSchema":"1a1c01bbd47fc00a2c39e90264f33305004495a9","hash":"94e8fa234e754e6e6af9fb2bedb544903564a827"}
,"/home/panospd/source/repos/redux-starter/src/store/api.js": {"path":"/home/panospd/source/repos/redux-starter/src/store/api.js","statementMap":{"0":{"start":{"line":3,"column":28},"end":{"line":3,"column":57}},"1":{"start":{"line":4,"column":30},"end":{"line":4,"column":61}},"2":{"start":{"line":5,"column":29},"end":{"line":5,"column":59}}},"fnMap":{},"branchMap":{},"s":{"0":1,"1":1,"2":1},"f":{},"b":{},"_coverageSchema":"1a1c01bbd47fc00a2c39e90264f33305004495a9","hash":"6a684885c57c8ab387b1cabb8b596de23a383a36"}
,"/home/panospd/source/repos/redux-starter/src/store/bugs.js": {"path":"/home/panospd/source/repos/redux-starter/src/store/bugs.js","statementMap":{"0":{"start":{"line":6,"column":14},"end":{"line":38,"column":2}},"1":{"start":{"line":15,"column":6},"end":{"line":15,"column":26}},"2":{"start":{"line":18,"column":6},"end":{"line":18,"column":27}},"3":{"start":{"line":21,"column":6},"end":{"line":21,"column":33}},"4":{"start":{"line":22,"column":6},"end":{"line":22,"column":27}},"5":{"start":{"line":23,"column":6},"end":{"line":23,"column":34}},"6":{"start":{"line":26,"column":6},"end":{"line":26,"column":37}},"7":{"start":{"line":29,"column":20},"end":{"line":29,"column":76}},"8":{"start":{"line":29,"column":47},"end":{"line":29,"column":75}},"9":{"start":{"line":30,"column":6},"end":{"line":30,"column":39}},"10":{"start":{"line":33,"column":36},"end":{"line":33,"column":50}},"11":{"start":{"line":34,"column":20},"end":{"line":34,"column":64}},"12":{"start":{"line":34,"column":47},"end":{"line":34,"column":63}},"13":{"start":{"line":35,"column":6},"end":{"line":35,"column":39}},"14":{"start":{"line":47,"column":4},"end":{"line":47,"column":17}},"15":{"start":{"line":51,"column":12},"end":{"line":51,"column":19}},"16":{"start":{"line":53,"column":24},"end":{"line":68,"column":1}},"17":{"start":{"line":53,"column":30},"end":{"line":68,"column":1}},"18":{"start":{"line":54,"column":24},"end":{"line":54,"column":48}},"19":{"start":{"line":56,"column":24},"end":{"line":56,"column":67}},"20":{"start":{"line":58,"column":2},"end":{"line":58,"column":33}},"21":{"start":{"line":58,"column":26},"end":{"line":58,"column":33}},"22":{"start":{"line":60,"column":2},"end":{"line":67,"column":4}},"23":{"start":{"line":70,"column":22},"end":{"line":76,"column":4}},"24":{"start":{"line":71,"column":2},"end":{"line":76,"column":4}},"25":{"start":{"line":78,"column":26},"end":{"line":84,"column":4}},"26":{"start":{"line":79,"column":2},"end":{"line":84,"column":4}},"27":{"start":{"line":86,"column":31},"end":{"line":92,"column":4}},"28":{"start":{"line":87,"column":2},"end":{"line":92,"column":4}},"29":{"start":{"line":96,"column":33},"end":{"line":99,"column":1}},"30":{"start":{"line":97,"column":11},"end":{"line":97,"column":30}},"31":{"start":{"line":98,"column":10},"end":{"line":98,"column":48}},"32":{"start":{"line":98,"column":34},"end":{"line":98,"column":47}},"33":{"start":{"line":101,"column":29},"end":{"line":105,"column":3}},"34":{"start":{"line":102,"column":2},"end":{"line":105,"column":3}},"35":{"start":{"line":103,"column":13},"end":{"line":103,"column":32}},"36":{"start":{"line":104,"column":12},"end":{"line":104,"column":58}},"37":{"start":{"line":104,"column":36},"end":{"line":104,"column":57}}},"fnMap":{"0":{"name":"(anonymous_0)","decl":{"start":{"line":14,"column":19},"end":{"line":14,"column":20}},"loc":{"start":{"line":14,"column":37},"end":{"line":16,"column":5}},"line":14},"1":{"name":"(anonymous_1)","decl":{"start":{"line":17,"column":23},"end":{"line":17,"column":24}},"loc":{"start":{"line":17,"column":41},"end":{"line":19,"column":5}},"line":17},"2":{"name":"(anonymous_2)","decl":{"start":{"line":20,"column":18},"end":{"line":20,"column":19}},"loc":{"start":{"line":20,"column":36},"end":{"line":24,"column":5}},"line":20},"3":{"name":"(anonymous_3)","decl":{"start":{"line":25,"column":14},"end":{"line":25,"column":15}},"loc":{"start":{"line":25,"column":32},"end":{"line":27,"column":5}},"line":25},"4":{"name":"(anonymous_4)","decl":{"start":{"line":28,"column":17},"end":{"line":28,"column":18}},"loc":{"start":{"line":28,"column":35},"end":{"line":31,"column":5}},"line":28},"5":{"name":"(anonymous_5)","decl":{"start":{"line":29,"column":40},"end":{"line":29,"column":41}},"loc":{"start":{"line":29,"column":47},"end":{"line":29,"column":75}},"line":29},"6":{"name":"(anonymous_6)","decl":{"start":{"line":32,"column":23},"end":{"line":32,"column":24}},"loc":{"start":{"line":32,"column":41},"end":{"line":36,"column":5}},"line":32},"7":{"name":"(anonymous_7)","decl":{"start":{"line":34,"column":40},"end":{"line":34,"column":41}},"loc":{"start":{"line":34,"column":47},"end":{"line":34,"column":63}},"line":34},"8":{"name":"(anonymous_8)","decl":{"start":{"line":53,"column":24},"end":{"line":53,"column":25}},"loc":{"start":{"line":53,"column":30},"end":{"line":68,"column":1}},"line":53},"9":{"name":"(anonymous_9)","decl":{"start":{"line":53,"column":30},"end":{"line":53,"column":31}},"loc":{"start":{"line":53,"column":54},"end":{"line":68,"column":1}},"line":53},"10":{"name":"(anonymous_10)","decl":{"start":{"line":70,"column":22},"end":{"line":70,"column":23}},"loc":{"start":{"line":71,"column":2},"end":{"line":76,"column":4}},"line":71},"11":{"name":"(anonymous_11)","decl":{"start":{"line":78,"column":26},"end":{"line":78,"column":27}},"loc":{"start":{"line":79,"column":2},"end":{"line":84,"column":4}},"line":79},"12":{"name":"(anonymous_12)","decl":{"start":{"line":86,"column":31},"end":{"line":86,"column":32}},"loc":{"start":{"line":87,"column":2},"end":{"line":92,"column":4}},"line":87},"13":{"name":"(anonymous_13)","decl":{"start":{"line":97,"column":2},"end":{"line":97,"column":3}},"loc":{"start":{"line":97,"column":11},"end":{"line":97,"column":30}},"line":97},"14":{"name":"(anonymous_14)","decl":{"start":{"line":98,"column":2},"end":{"line":98,"column":3}},"loc":{"start":{"line":98,"column":10},"end":{"line":98,"column":48}},"line":98},"15":{"name":"(anonymous_15)","decl":{"start":{"line":98,"column":27},"end":{"line":98,"column":28}},"loc":{"start":{"line":98,"column":34},"end":{"line":98,"column":47}},"line":98},"16":{"name":"(anonymous_16)","decl":{"start":{"line":101,"column":29},"end":{"line":101,"column":30}},"loc":{"start":{"line":102,"column":2},"end":{"line":105,"column":3}},"line":102},"17":{"name":"(anonymous_17)","decl":{"start":{"line":103,"column":4},"end":{"line":103,"column":5}},"loc":{"start":{"line":103,"column":13},"end":{"line":103,"column":32}},"line":103},"18":{"name":"(anonymous_18)","decl":{"start":{"line":104,"column":4},"end":{"line":104,"column":5}},"loc":{"start":{"line":104,"column":12},"end":{"line":104,"column":58}},"line":104},"19":{"name":"(anonymous_19)","decl":{"start":{"line":104,"column":29},"end":{"line":104,"column":30}},"loc":{"start":{"line":104,"column":36},"end":{"line":104,"column":57}},"line":104}},"branchMap":{"0":{"loc":{"start":{"line":58,"column":2},"end":{"line":58,"column":33}},"type":"if","locations":[{"start":{"line":58,"column":2},"end":{"line":58,"column":33}},{"start":{"line":58,"column":2},"end":{"line":58,"column":33}}],"line":58}},"s":{"0":1,"1":0,"2":0,"3":0,"4":0,"5":0,"6":1,"7":0,"8":0,"9":0,"10":0,"11":0,"12":0,"13":0,"14":1,"15":1,"16":1,"17":0,"18":0,"19":0,"20":0,"21":0,"22":0,"23":1,"24":2,"25":1,"26":0,"27":1,"28":0,"29":1,"30":0,"31":0,"32":0,"33":1,"34":0,"35":0,"36":0,"37":0},"f":{"0":0,"1":0,"2":0,"3":1,"4":0,"5":0,"6":0,"7":0,"8":0,"9":0,"10":2,"11":0,"12":0,"13":0,"14":0,"15":0,"16":0,"17":0,"18":0,"19":0},"b":{"0":[0,0]},"_coverageSchema":"1a1c01bbd47fc00a2c39e90264f33305004495a9","hash":"456e72d7d124ae4e136c15b0536f225e554caf02"}
,"/home/panospd/source/repos/redux-starter/src/store/configureStore.js": {"path":"/home/panospd/source/repos/redux-starter/src/store/configureStore.js","statementMap":{"0":{"start":{"line":8,"column":2},"end":{"line":11,"column":5}}},"fnMap":{"0":{"name":"(anonymous_0)","decl":{"start":{"line":7,"column":15},"end":{"line":7,"column":16}},"loc":{"start":{"line":7,"column":27},"end":{"line":12,"column":1}},"line":7}},"branchMap":{},"s":{"0":2},"f":{"0":2},"b":{},"_coverageSchema":"1a1c01bbd47fc00a2c39e90264f33305004495a9","hash":"49a072891eea57091b18c4e3e9c55b18c3c5bed9"}
,"/home/panospd/source/repos/redux-starter/src/store/entities.js": {"path":"/home/panospd/source/repos/redux-starter/src/store/entities.js","statementMap":{},"fnMap":{},"branchMap":{},"s":{},"f":{},"b":{},"_coverageSchema":"1a1c01bbd47fc00a2c39e90264f33305004495a9","hash":"c0b01341fda52c80dc7a4cc07475afdad3f33a44"}
,"/home/panospd/source/repos/redux-starter/src/store/projects.js": {"path":"/home/panospd/source/repos/redux-starter/src/store/projects.js","statementMap":{"0":{"start":{"line":3,"column":13},"end":{"line":3,"column":14}},"1":{"start":{"line":5,"column":14},"end":{"line":16,"column":2}},"2":{"start":{"line":10,"column":6},"end":{"line":13,"column":9}},"3":{"start":{"line":18,"column":32},"end":{"line":18,"column":45}}},"fnMap":{"0":{"name":"(anonymous_0)","decl":{"start":{"line":9,"column":18},"end":{"line":9,"column":19}},"loc":{"start":{"line":9,"column":40},"end":{"line":14,"column":5}},"line":9}},"branchMap":{},"s":{"0":1,"1":1,"2":0,"3":1},"f":{"0":0},"b":{},"_coverageSchema":"1a1c01bbd47fc00a2c39e90264f33305004495a9","hash":"aa00d4af4263bafa6b55a7d8bc0863529810a36a"}
,"/home/panospd/source/repos/redux-starter/src/store/reducer.js": {"path":"/home/panospd/source/repos/redux-starter/src/store/reducer.js","statementMap":{},"fnMap":{},"branchMap":{},"s":{},"f":{},"b":{},"_coverageSchema":"1a1c01bbd47fc00a2c39e90264f33305004495a9","hash":"8e4011eb5e97b3ccd18f7e6389efe129395eca5c"}
,"/home/panospd/source/repos/redux-starter/src/store/users.js": {"path":"/home/panospd/source/repos/redux-starter/src/store/users.js","statementMap":{"0":{"start":{"line":3,"column":13},"end":{"line":3,"column":14}},"1":{"start":{"line":5,"column":14},"end":{"line":16,"column":2}},"2":{"start":{"line":10,"column":6},"end":{"line":13,"column":9}},"3":{"start":{"line":18,"column":29},"end":{"line":18,"column":42}}},"fnMap":{"0":{"name":"(anonymous_0)","decl":{"start":{"line":9,"column":15},"end":{"line":9,"column":16}},"loc":{"start":{"line":9,"column":34},"end":{"line":14,"column":5}},"line":9}},"branchMap":{},"s":{"0":1,"1":1,"2":0,"3":1},"f":{"0":0},"b":{},"_coverageSchema":"1a1c01bbd47fc00a2c39e90264f33305004495a9","hash":"3803451cdac7ab8851d1db49c464c7ef578679ab"}
,"/home/panospd/source/repos/redux-starter/src/store/middleware/api.js": {"path":"/home/panospd/source/repos/redux-starter/src/store/middleware/api.js","statementMap":{"0":{"start":{"line":4,"column":12},"end":{"line":29,"column":1}},"1":{"start":{"line":4,"column":30},"end":{"line":29,"column":1}},"2":{"start":{"line":4,"column":38},"end":{"line":29,"column":1}},"3":{"start":{"line":5,"column":2},"end":{"line":5,"column":69}},"4":{"start":{"line":5,"column":49},"end":{"line":5,"column":69}},"5":{"start":{"line":7,"column":61},"end":{"line":7,"column":75}},"6":{"start":{"line":9,"column":2},"end":{"line":9,"column":41}},"7":{"start":{"line":11,"column":2},"end":{"line":11,"column":15}},"8":{"start":{"line":13,"column":2},"end":{"line":28,"column":3}},"9":{"start":{"line":14,"column":21},"end":{"line":19,"column":6}},"10":{"start":{"line":21,"column":4},"end":{"line":21,"column":52}},"11":{"start":{"line":23,"column":4},"end":{"line":23,"column":73}},"12":{"start":{"line":23,"column":19},"end":{"line":23,"column":73}},"13":{"start":{"line":25,"column":4},"end":{"line":25,"column":51}},"14":{"start":{"line":27,"column":4},"end":{"line":27,"column":69}},"15":{"start":{"line":27,"column":17},"end":{"line":27,"column":69}}},"fnMap":{"0":{"name":"(anonymous_0)","decl":{"start":{"line":4,"column":12},"end":{"line":4,"column":13}},"loc":{"start":{"line":4,"column":30},"end":{"line":29,"column":1}},"line":4},"1":{"name":"(anonymous_1)","decl":{"start":{"line":4,"column":30},"end":{"line":4,"column":31}},"loc":{"start":{"line":4,"column":38},"end":{"line":29,"column":1}},"line":4},"2":{"name":"(anonymous_2)","decl":{"start":{"line":4,"column":38},"end":{"line":4,"column":39}},"loc":{"start":{"line":4,"column":54},"end":{"line":29,"column":1}},"line":4}},"branchMap":{"0":{"loc":{"start":{"line":5,"column":2},"end":{"line":5,"column":69}},"type":"if","locations":[{"start":{"line":5,"column":2},"end":{"line":5,"column":69}},{"start":{"line":5,"column":2},"end":{"line":5,"column":69}}],"line":5},"1":{"loc":{"start":{"line":9,"column":2},"end":{"line":9,"column":40}},"type":"binary-expr","locations":[{"start":{"line":9,"column":2},"end":{"line":9,"column":9}},{"start":{"line":9,"column":13},"end":{"line":9,"column":40}}],"line":9},"2":{"loc":{"start":{"line":23,"column":4},"end":{"line":23,"column":73}},"type":"if","locations":[{"start":{"line":23,"column":4},"end":{"line":23,"column":73}},{"start":{"line":23,"column":4},"end":{"line":23,"column":73}}],"line":23},"3":{"loc":{"start":{"line":27,"column":4},"end":{"line":27,"column":69}},"type":"if","locations":[{"start":{"line":27,"column":4},"end":{"line":27,"column":69}},{"start":{"line":27,"column":4},"end":{"line":27,"column":69}}],"line":27}},"s":{"0":1,"1":2,"2":2,"3":5,"4":3,"5":2,"6":2,"7":2,"8":2,"9":2,"10":1,"11":1,"12":1,"13":1,"14":1,"15":0},"f":{"0":2,"1":2,"2":5},"b":{"0":[3,2],"1":[2,0],"2":[1,0],"3":[0,1]},"_coverageSchema":"1a1c01bbd47fc00a2c39e90264f33305004495a9","hash":"1a145fe0340325019b5e4a9bda375af216549ef6"}
,"/home/panospd/source/repos/redux-starter/src/store/middleware/logger.js": {"path":"/home/panospd/source/repos/redux-starter/src/store/middleware/logger.js","statementMap":{"0":{"start":{"line":1,"column":15},"end":{"line":4,"column":1}},"1":{"start":{"line":1,"column":24},"end":{"line":4,"column":1}},"2":{"start":{"line":1,"column":33},"end":{"line":4,"column":1}},"3":{"start":{"line":1,"column":41},"end":{"line":4,"column":1}},"4":{"start":{"line":2,"column":2},"end":{"line":2,"column":32}},"5":{"start":{"line":3,"column":2},"end":{"line":3,"column":22}}},"fnMap":{"0":{"name":"(anonymous_0)","decl":{"start":{"line":1,"column":15},"end":{"line":1,"column":16}},"loc":{"start":{"line":1,"column":24},"end":{"line":4,"column":1}},"line":1},"1":{"name":"(anonymous_1)","decl":{"start":{"line":1,"column":24},"end":{"line":1,"column":25}},"loc":{"start":{"line":1,"column":33},"end":{"line":4,"column":1}},"line":1},"2":{"name":"(anonymous_2)","decl":{"start":{"line":1,"column":33},"end":{"line":1,"column":34}},"loc":{"start":{"line":1,"column":41},"end":{"line":4,"column":1}},"line":1},"3":{"name":"(anonymous_3)","decl":{"start":{"line":1,"column":41},"end":{"line":1,"column":42}},"loc":{"start":{"line":1,"column":51},"end":{"line":4,"column":1}},"line":1}},"branchMap":{},"s":{"0":1,"1":2,"2":2,"3":2,"4":5,"5":5},"f":{"0":2,"1":2,"2":2,"3":5},"b":{},"_coverageSchema":"1a1c01bbd47fc00a2c39e90264f33305004495a9","hash":"1286fd2a4defb4bf122fe34bb3c01b89ab6176a2"}
,"/home/panospd/source/repos/redux-starter/src/store/middleware/toast.js": {"path":"/home/panospd/source/repos/redux-starter/src/store/middleware/toast.js","statementMap":{"0":{"start":{"line":1,"column":14},"end":{"line":7,"column":1}},"1":{"start":{"line":1,"column":23},"end":{"line":7,"column":1}},"2":{"start":{"line":1,"column":31},"end":{"line":7,"column":1}},"3":{"start":{"line":2,"column":2},"end":{"line":6,"column":3}},"4":{"start":{"line":3,"column":4},"end":{"line":3,"column":55}},"5":{"start":{"line":5,"column":4},"end":{"line":5,"column":24}}},"fnMap":{"0":{"name":"(anonymous_0)","decl":{"start":{"line":1,"column":14},"end":{"line":1,"column":15}},"loc":{"start":{"line":1,"column":23},"end":{"line":7,"column":1}},"line":1},"1":{"name":"(anonymous_1)","decl":{"start":{"line":1,"column":23},"end":{"line":1,"column":24}},"loc":{"start":{"line":1,"column":31},"end":{"line":7,"column":1}},"line":1},"2":{"name":"(anonymous_2)","decl":{"start":{"line":1,"column":31},"end":{"line":1,"column":32}},"loc":{"start":{"line":1,"column":41},"end":{"line":7,"column":1}},"line":1}},"branchMap":{"0":{"loc":{"start":{"line":2,"column":2},"end":{"line":6,"column":3}},"type":"if","locations":[{"start":{"line":2,"column":2},"end":{"line":6,"column":3}},{"start":{"line":2,"column":2},"end":{"line":6,"column":3}}],"line":2}},"s":{"0":1,"1":2,"2":2,"3":5,"4":0,"5":5},"f":{"0":2,"1":2,"2":5},"b":{"0":[0,5]},"_coverageSchema":"1a1c01bbd47fc00a2c39e90264f33305004495a9","hash":"2334bb365de805ca139a41b4ae20ad24de77fb99"}
}
